1542409002922	mozrunner::runner	INFO	Running command: "/usr/bin/firefox" "-marionette" "--headless" "-foreground" "-no-remote" "-profile" "/tmp/rust_mozprofile.MwdLTfgjrw8g"
*** You are running in headless mode.
1542409004320	Marionette	INFO	Listening on port 42385
1542409004338	Marionette	WARN	TLS certificate errors will be ignored for this session
console.error: BroadcastService: 
  receivedBroadcastMessage: handler for
  remote-settings/monitor_changes
  threw error:
  Message: Error: Polling for changes failed: NetworkError when attempting to fetch resource..
  Stack:
    remoteSettingsFunction/remoteSettings.pollChanges@resource://services-settings/remote-settings.js:721:13

1542409036317	mozrunner::runner	INFO	Running command: "/usr/bin/firefox" "-marionette" "-foreground" "-no-remote" "-profile" "/tmp/rust_mozprofile.IOC9W5HtxmEA"
1542409037630	Marionette	INFO	Listening on port 43043
1542409037723	Marionette	WARN	TLS certificate errors will be ignored for this session
[GFX1-]: Receive IPC close with reason=AbnormalShutdown
[GFX1-]: Receive IPC close with reason=AbnormalShutdown
[Child 10601, Chrome_ChildThread] WARNING: pipe error (3): Connection reset by peer: file /build/firefox-4VfQCB/firefox-63.0+build2/ipc/chromium/src/chrome/common/ipc_channel_posix.cc, line 356
1542409117130	mozrunner::runner	INFO	Running command: "/usr/bin/firefox" "-marionette" "-foreground" "-no-remote" "-profile" "/tmp/rust_mozprofile.4fya3ZRqCW8l"
1542409118426	Marionette	INFO	Listening on port 39621
1542409118438	Marionette	WARN	TLS certificate errors will be ignored for this session
console.error: "Tried to send a 'tabDetached' event on an already destroyed actor 'frameTarget'"
IPDL protocol error: Handler returned error code!

###!!! [Parent][DispatchAsyncMessage] Error: PLayerTransaction::Msg_ReleaseLayer Processing error: message was deserialized, but the handler returned false (indicating failure)

[Parent 10815, Gecko_IOThread] WARNING: pipe error (81): Connection reset by peer: file /build/firefox-4VfQCB/firefox-63.0+build2/ipc/chromium/src/chrome/common/ipc_channel_posix.cc, line 356
1542409137251	Marionette	INFO	Stopped listening on port 39621
1542409157474	mozrunner::runner	INFO	Running command: "/usr/bin/firefox" "-marionette" "-foreground" "-no-remote" "-profile" "/tmp/rust_mozprofile.KcCZNOjTbZjC"
1542409158677	Marionette	INFO	Listening on port 40179
1542409158685	Marionette	WARN	TLS certificate errors will be ignored for this session
console.error: "Tried to send a 'tabDetached' event on an already destroyed actor 'frameTarget'"
[Parent 11108, Gecko_IOThread] WARNING: pipe error (81): Connection reset by peer: file /build/firefox-4VfQCB/firefox-63.0+build2/ipc/chromium/src/chrome/common/ipc_channel_posix.cc, line 356
[Parent 11108, Gecko_IOThread] WARNING: pipe error (95): Connection reset by peer: file /build/firefox-4VfQCB/firefox-63.0+build2/ipc/chromium/src/chrome/common/ipc_channel_posix.cc, line 356
1542409444339	Marionette	INFO	Stopped listening on port 40179
1542409486435	mozrunner::runner	INFO	Running command: "/usr/bin/firefox" "-marionette" "-foreground" "-no-remote" "-profile" "/tmp/rust_mozprofile.ZkwgPbXfWfPo"
1542409487835	Marionette	INFO	Listening on port 37009
1542409487845	Marionette	WARN	TLS certificate errors will be ignored for this session
[Parent 11615, Gecko_IOThread] WARNING: pipe error (81): Connection reset by peer: file /build/firefox-4VfQCB/firefox-63.0+build2/ipc/chromium/src/chrome/common/ipc_channel_posix.cc, line 356
[Parent 11615, Gecko_IOThread] WARNING: pipe error (84): Connection reset by peer: file /build/firefox-4VfQCB/firefox-63.0+build2/ipc/chromium/src/chrome/common/ipc_channel_posix.cc, line 356
1542409496039	Marionette	INFO	Stopped listening on port 37009
1542409535741	mozrunner::runner	INFO	Running command: "/usr/bin/firefox" "-marionette" "-foreground" "-no-remote" "-profile" "/tmp/rust_mozprofile.XJExbTBXHkOf"
1542409537254	Marionette	INFO	Listening on port 43641
1542409537357	Marionette	WARN	TLS certificate errors will be ignored for this session
console.error: "Tried to send a 'tabDetached' event on an already destroyed actor 'frameTarget'"
[Parent 11864, Gecko_IOThread] WARNING: pipe error (81): Connection reset by peer: file /build/firefox-4VfQCB/firefox-63.0+build2/ipc/chromium/src/chrome/common/ipc_channel_posix.cc, line 356
[Parent 11864, Gecko_IOThread] WARNING: pipe error (84): Connection reset by peer: file /build/firefox-4VfQCB/firefox-63.0+build2/ipc/chromium/src/chrome/common/ipc_channel_posix.cc, line 356
1542409748399	Marionette	INFO	Stopped listening on port 43641
1542410046270	mozrunner::runner	INFO	Running command: "/usr/bin/firefox" "-marionette" "-foreground" "-no-remote" "-profile" "/tmp/rust_mozprofile.M7T6C9hAWblX"
1542410047912	Marionette	INFO	Listening on port 33855
1542410047977	Marionette	WARN	TLS certificate errors will be ignored for this session
1542410074301	mozrunner::runner	INFO	Running command: "/usr/bin/firefox" "-marionette" "-foreground" "-no-remote" "-profile" "/tmp/rust_mozprofile.4IPXr1lZFLNA"
1542410075790	Marionette	INFO	Listening on port 33183
1542410075820	Marionette	WARN	TLS certificate errors will be ignored for this session
console.error: BroadcastService: 
  receivedBroadcastMessage: handler for
  remote-settings/monitor_changes
  threw error:
  Message: Error: Polling for changes failed: NetworkError when attempting to fetch resource..
  Stack:
    remoteSettingsFunction/remoteSettings.pollChanges@resource://services-settings/remote-settings.js:721:13

[GFX1-]: Receive IPC close with reason=AbnormalShutdown
[Child 12842, Chrome_ChildThread] WARNING: pipe error (3): Connection reset by peer: file /build/firefox-4VfQCB/firefox-63.0+build2/ipc/chromium/src/chrome/common/ipc_channel_posix.cc, line 356
1542410351138	mozrunner::runner	INFO	Running command: "/usr/bin/firefox" "-marionette" "-foreground" "-no-remote" "-profile" "/tmp/rust_mozprofile.zvWc9bTWC7HL"
1542410352785	Marionette	INFO	Listening on port 44101
1542410352849	Marionette	WARN	TLS certificate errors will be ignored for this session
[Parent 13185, Gecko_IOThread] WARNING: pipe error (81): Connection reset by peer: file /build/firefox-4VfQCB/firefox-63.0+build2/ipc/chromium/src/chrome/common/ipc_channel_posix.cc, line 356
[Parent 13185, Gecko_IOThread] WARNING: pipe error (71): Connection reset by peer: file /build/firefox-4VfQCB/firefox-63.0+build2/ipc/chromium/src/chrome/common/ipc_channel_posix.cc, line 356
1542410376521	Marionette	INFO	Stopped listening on port 44101
1542410414848	mozrunner::runner	INFO	Running command: "/usr/bin/firefox" "-marionette" "-foreground" "-no-remote" "-profile" "/tmp/rust_mozprofile.xFdw8Oi7Lnz5"
1542410416051	Marionette	INFO	Listening on port 42125
1542410416159	Marionette	WARN	TLS certificate errors will be ignored for this session
[Parent 13500, Gecko_IOThread] WARNING: pipe error (84): Connection reset by peer: file /build/firefox-4VfQCB/firefox-63.0+build2/ipc/chromium/src/chrome/common/ipc_channel_posix.cc, line 356
[Parent 13500, Gecko_IOThread] WARNING: pipe error (81): Connection reset by peer: file /build/firefox-4VfQCB/firefox-63.0+build2/ipc/chromium/src/chrome/common/ipc_channel_posix.cc, line 356
1542410428871	Marionette	INFO	Stopped listening on port 42125
1542410448017	mozrunner::runner	INFO	Running command: "/usr/bin/firefox" "-marionette" "-foreground" "-no-remote" "-profile" "/tmp/rust_mozprofile.gPBLOKM0X3H8"
1542410449275	Marionette	INFO	Listening on port 43249
1542410449324	Marionette	WARN	TLS certificate errors will be ignored for this session
[GFX1-]: Receive IPC close with reason=AbnormalShutdown
[Child 13894, Chrome_ChildThread] WARNING: pipe error (3): Connection reset by peer: file /build/firefox-4VfQCB/firefox-63.0+build2/ipc/chromium/src/chrome/common/ipc_channel_posix.cc, line 356
1542410480043	mozrunner::runner	INFO	Running command: "/usr/bin/firefox" "-marionette" "-foreground" "-no-remote" "-profile" "/tmp/rust_mozprofile.wOi29h2hVKsb"
1542410481391	Marionette	INFO	Listening on port 33771
1542410481452	Marionette	WARN	TLS certificate errors will be ignored for this session
[Parent 14066, Gecko_IOThread] WARNING: pipe error (81): Connection reset by peer: file /build/firefox-4VfQCB/firefox-63.0+build2/ipc/chromium/src/chrome/common/ipc_channel_posix.cc, line 356
[Parent 14066, Gecko_IOThread] WARNING: pipe error (84): Connection reset by peer: file /build/firefox-4VfQCB/firefox-63.0+build2/ipc/chromium/src/chrome/common/ipc_channel_posix.cc, line 356
1542410490277	Marionette	INFO	Stopped listening on port 33771
1542410508539	mozrunner::runner	INFO	Running command: "/usr/bin/firefox" "-marionette" "-foreground" "-no-remote" "-profile" "/tmp/rust_mozprofile.ecK3X5FClVRB"
1542410509754	Marionette	INFO	Listening on port 35911
1542410509849	Marionette	WARN	TLS certificate errors will be ignored for this session
1542410551724	mozrunner::runner	INFO	Running command: "/usr/bin/firefox" "-marionette" "-foreground" "-no-remote" "-profile" "/tmp/rust_mozprofile.dcksQRd100D3"
1542410553324	Marionette	INFO	Listening on port 41901
1542410553332	Marionette	WARN	TLS certificate errors will be ignored for this session
1542410610210	mozrunner::runner	INFO	Running command: "/usr/bin/firefox" "-marionette" "-foreground" "-no-remote" "-profile" "/tmp/rust_mozprofile.i5EgyWM618sL"
1542410611817	Marionette	INFO	Listening on port 37905
1542410611929	Marionette	WARN	TLS certificate errors will be ignored for this session
1542410820712	mozrunner::runner	INFO	Running command: "/usr/bin/firefox" "-marionette" "-foreground" "-no-remote" "-profile" "/tmp/rust_mozprofile.PO7ajS56TfCz"
1542410822271	Marionette	INFO	Listening on port 33691
1542410822320	Marionette	WARN	TLS certificate errors will be ignored for this session
[GFX1-]: Receive IPC close with reason=AbnormalShutdown
[Child 15517, Chrome_ChildThread] WARNING: pipe error (3): Connection reset by peer: file /build/firefox-4VfQCB/firefox-63.0+build2/ipc/chromium/src/chrome/common/ipc_channel_posix.cc, line 356
[GFX1-]: Receive IPC close with reason=AbnormalShutdown
[Child 15504, Chrome_ChildThread] WARNING: pipe error (3): Connection reset by peer: file /build/firefox-4VfQCB/firefox-63.0+build2/ipc/chromium/src/chrome/common/ipc_channel_posix.cc, line 356
1542410850986	mozrunner::runner	INFO	Running command: "/usr/bin/firefox" "-marionette" "-foreground" "-no-remote" "-profile" "/tmp/rust_mozprofile.nG6YHVh2QADW"
1542410852563	Marionette	INFO	Listening on port 45237
1542410852605	Marionette	WARN	TLS certificate errors will be ignored for this session
[GFX1-]: Receive IPC close with reason=AbnormalShutdown
[Child 15785, Chrome_ChildThread] WARNING: pipe error (3): Connection reset by peer: file /build/firefox-4VfQCB/firefox-63.0+build2/ipc/chromium/src/chrome/common/ipc_channel_posix.cc, line 356
1542410889896	mozrunner::runner	INFO	Running command: "/usr/bin/firefox" "-marionette" "-foreground" "-no-remote" "-profile" "/tmp/rust_mozprofile.20o95ozF0n03"
1542410891305	Marionette	INFO	Listening on port 32887
1542410891412	Marionette	WARN	TLS certificate errors will be ignored for this session
1542410927623	mozrunner::runner	INFO	Running command: "/usr/bin/firefox" "-marionette" "-foreground" "-no-remote" "-profile" "/tmp/rust_mozprofile.9IT62bxjJCtP"
1542410929221	Marionette	INFO	Listening on port 35735
1542410929239	Marionette	WARN	TLS certificate errors will be ignored for this session
1542410953814	mozrunner::runner	INFO	Running command: "/usr/bin/firefox" "-marionette" "-foreground" "-no-remote" "-profile" "/tmp/rust_mozprofile.UAMYsaVhBcCQ"
1542410955405	Marionette	INFO	Listening on port 44497
1542410955438	Marionette	WARN	TLS certificate errors will be ignored for this session
[GFX1-]: Receive IPC close with reason=AbnormalShutdown
[Child 16524, Chrome_ChildThread] WARNING: pipe error (3): Connection reset by peer: file /build/firefox-4VfQCB/firefox-63.0+build2/ipc/chromium/src/chrome/common/ipc_channel_posix.cc, line 356
1542410981726	mozrunner::runner	INFO	Running command: "/usr/bin/firefox" "-marionette" "-foreground" "-no-remote" "-profile" "/tmp/rust_mozprofile.SxQiau5R3oUZ"
1542410983237	Marionette	INFO	Listening on port 40917
1542410983341	Marionette	WARN	TLS certificate errors will be ignored for this session
[GFX1-]: Receive IPC close with reason=AbnormalShutdown
[Child 16866, Chrome_ChildThread] WARNING: pipe error (3): Connection reset by peer: file /build/firefox-4VfQCB/firefox-63.0+build2/ipc/chromium/src/chrome/common/ipc_channel_posix.cc, line 356
1542411002468	mozrunner::runner	INFO	Running command: "/usr/bin/firefox" "-marionette" "-foreground" "-no-remote" "-profile" "/tmp/rust_mozprofile.1nzfL35LH97m"
1542411004070	Marionette	INFO	Listening on port 38129
1542411004084	Marionette	WARN	TLS certificate errors will be ignored for this session
[GFX1-]: Receive IPC close with reason=AbnormalShutdown
[Child 17044, Chrome_ChildThread] WARNING: pipe error (3): Connection reset by peer: file /build/firefox-4VfQCB/firefox-63.0+build2/ipc/chromium/src/chrome/common/ipc_channel_posix.cc, line 356
1542411031577	mozrunner::runner	INFO	Running command: "/usr/bin/firefox" "-marionette" "-foreground" "-no-remote" "-profile" "/tmp/rust_mozprofile.GlatACqswWkE"
1542411033324	Marionette	INFO	Listening on port 36785
1542411033384	Marionette	WARN	TLS certificate errors will be ignored for this session
[Parent 17168, Gecko_IOThread] WARNING: pipe error (81): Connection reset by peer: file /build/firefox-4VfQCB/firefox-63.0+build2/ipc/chromium/src/chrome/common/ipc_channel_posix.cc, line 356
[Parent 17168, Gecko_IOThread] WARNING: pipe error (82): Connection reset by peer: file /build/firefox-4VfQCB/firefox-63.0+build2/ipc/chromium/src/chrome/common/ipc_channel_posix.cc, line 356
1542411065769	Marionette	INFO	Stopped listening on port 36785
1542411078265	mozrunner::runner	INFO	Running command: "/usr/bin/firefox" "-marionette" "--headless" "-foreground" "-no-remote" "-profile" "/tmp/rust_mozprofile.TUirD1InReD4"
*** You are running in headless mode.
1542411079523	Marionette	INFO	Listening on port 34219
1542411079575	Marionette	WARN	TLS certificate errors will be ignored for this session
console.error: BroadcastService: 
  receivedBroadcastMessage: handler for
  remote-settings/monitor_changes
  threw error:
  Message: Error: Polling for changes failed: NetworkError when attempting to fetch resource..
  Stack:
    remoteSettingsFunction/remoteSettings.pollChanges@resource://services-settings/remote-settings.js:721:13

